f:\数字图像处理与分析\mydib\mydib\debug\mydib.pch
f:\数字图像处理与分析\mydib\mydib\debug\vc120.pdb
f:\数字图像处理与分析\mydib\mydib\debug\vc120.idb
f:\数字图像处理与分析\mydib\mydib\debug\stdafx.obj
f:\数字图像处理与分析\mydib\mydib\debug\dibimage.obj
f:\数字图像处理与分析\mydib\mydib\debug\geotransdlg.obj
f:\数字图像处理与分析\mydib\mydib\debug\lplsdlg.obj
f:\数字图像处理与分析\mydib\mydib\debug\mainfrm.obj
f:\数字图像处理与分析\mydib\mydib\debug\mydib.obj
f:\数字图像处理与分析\mydib\mydib\debug\mydibdoc.obj
f:\数字图像处理与分析\mydib\mydib\debug\mydibview.obj
f:\数字图像处理与分析\mydib\mydib\debug\previewdlg.obj
f:\数字图像处理与分析\mydib\mydib\debug\mydib.res
f:\数字图像处理与分析\mydib\debug\mydib.pdb
f:\数字图像处理与分析\mydib\mydib\debug\mydib.tlog\cl.command.1.tlog
f:\数字图像处理与分析\mydib\mydib\debug\mydib.tlog\cl.read.1.tlog
f:\数字图像处理与分析\mydib\mydib\debug\mydib.tlog\cl.write.1.tlog
f:\数字图像处理与分析\mydib\mydib\debug\mydib.tlog\link-cvtres.read.1.tlog
f:\数字图像处理与分析\mydib\mydib\debug\mydib.tlog\link-cvtres.write.1.tlog
f:\数字图像处理与分析\mydib\mydib\debug\mydib.tlog\link-mt.read.1.tlog
f:\数字图像处理与分析\mydib\mydib\debug\mydib.tlog\link-mt.write.1.tlog
f:\数字图像处理与分析\mydib\mydib\debug\mydib.tlog\link-rc.read.1.tlog
f:\数字图像处理与分析\mydib\mydib\debug\mydib.tlog\link-rc.write.1.tlog
f:\数字图像处理与分析\mydib\mydib\debug\mydib.tlog\link.command.1.tlog
f:\数字图像处理与分析\mydib\mydib\debug\mydib.tlog\link.read.1.tlog
f:\数字图像处理与分析\mydib\mydib\debug\mydib.tlog\link.write.1.tlog
f:\数字图像处理与分析\mydib\mydib\debug\mydib.tlog\rc.command.1.tlog
f:\数字图像处理与分析\mydib\mydib\debug\mydib.tlog\rc.read.1.tlog
f:\数字图像处理与分析\mydib\mydib\debug\mydib.tlog\rc.write.1.tlog
